2025-06-06 15:42:54 - ERROR - [SERVIDOR ERROR]: Error al iniciar el servidor: name 'HOST' is not defined
2025-06-06 15:42:54 - INFO - [SERVIDOR INFO]: Servidor detenido.
2025-06-06 15:43:55 - INFO - [SERVIDOR INFO]: Servidor iniciado en localhost:8083
2025-06-06 15:44:25 - WARNING - [SERVIDOR WARNING]: == EN ESPERA AUTOMATICA DE 5s ==
2025-06-06 15:44:30 - INFO - [SERVIDOR INFO]: Conexión aceptada de ('127.0.0.1', 60586)
2025-06-06 15:44:30 - INFO - [SERVIDOR INFO]: Conexión establecida con ('127.0.0.1', 60586)
2025-06-06 15:44:35 - INFO - [SERVIDOR INFO]: Mensaje recibido: 2
2025-06-06 15:44:36 - INFO - [SERVIDOR INFO]: [CLIENT] OPCION MYSQL
2025-06-06 15:44:40 - INFO - [SERVIDOR INFO]: Mensaje recibido: 1
2025-06-06 15:44:45 - WARNING - [SERVIDOR WARNING]: == EN ESPERA AUTOMATICA DE 5s ==
2025-06-06 15:44:45 - INFO - [SERVIDOR INFO]: [CLIENT] OPCION PERSONAJES
2025-06-06 15:44:46 - INFO - package: mysql.connector.plugins
2025-06-06 15:44:46 - INFO - plugin_name: caching_sha2_password
2025-06-06 15:44:46 - INFO - AUTHENTICATION_PLUGIN_CLASS: MySQLCachingSHA2PasswordAuthPlugin
2025-06-06 15:44:46 - WARNING - [SERVIDOR WARNING]: == EN ESPERA AUTOMATICA DE 5s ==
2025-06-06 15:44:51 - ERROR - [SERVIDOR ERROR]: Error al iniciar el servidor: a bytes-like object is required, not 'builtin_function_or_method'
2025-06-06 15:44:51 - INFO - [SERVIDOR INFO]: Servidor detenido.
2025-06-06 15:45:48 - INFO - [SERVIDOR INFO]: Servidor iniciado en localhost:8083
2025-06-06 15:45:51 - WARNING - [SERVIDOR WARNING]: == EN ESPERA AUTOMATICA DE 5s ==
2025-06-06 15:45:56 - INFO - [SERVIDOR INFO]: Conexión aceptada de ('127.0.0.1', 60614)
2025-06-06 15:45:56 - INFO - [SERVIDOR INFO]: Conexión establecida con ('127.0.0.1', 60614)
2025-06-06 15:45:58 - INFO - [SERVIDOR INFO]: Mensaje recibido: 2
2025-06-06 15:45:58 - INFO - [SERVIDOR INFO]: [CLIENT] OPCION MYSQL
2025-06-06 15:46:03 - INFO - [SERVIDOR INFO]: Mensaje recibido: 1
2025-06-06 15:46:08 - WARNING - [SERVIDOR WARNING]: == EN ESPERA AUTOMATICA DE 5s ==
2025-06-06 15:46:08 - INFO - [SERVIDOR INFO]: [CLIENT] OPCION PERSONAJES
2025-06-06 15:46:08 - INFO - package: mysql.connector.plugins
2025-06-06 15:46:08 - INFO - plugin_name: caching_sha2_password
2025-06-06 15:46:08 - INFO - AUTHENTICATION_PLUGIN_CLASS: MySQLCachingSHA2PasswordAuthPlugin
2025-06-06 15:46:08 - WARNING - [SERVIDOR WARNING]: == EN ESPERA AUTOMATICA DE 5s ==
2025-06-06 15:49:02 - INFO - [SERVIDOR INFO]: Servidor iniciado en localhost:8083
2025-06-06 15:49:27 - WARNING - [SERVIDOR WARNING]: == EN ESPERA AUTOMATICA DE 5s ==
2025-06-06 15:49:32 - INFO - [SERVIDOR INFO]: Conexión aceptada de ('127.0.0.1', 60736)
2025-06-06 15:49:32 - INFO - [SERVIDOR INFO]: Conexión establecida con ('127.0.0.1', 60736)
2025-06-06 15:50:39 - INFO - [SERVIDOR INFO]: Mensaje recibido: 2
2025-06-06 15:50:39 - INFO - [SERVIDOR INFO]: [CLIENT] OPCION MYSQL
2025-06-06 15:50:42 - INFO - [SERVIDOR INFO]: Mensaje recibido: 1
2025-06-06 15:50:47 - WARNING - [SERVIDOR WARNING]: == EN ESPERA AUTOMATICA DE 5s ==
2025-06-06 15:50:47 - INFO - [SERVIDOR INFO]: [CLIENT] OPCION PERSONAJES
2025-06-06 15:50:47 - INFO - package: mysql.connector.plugins
2025-06-06 15:50:47 - INFO - plugin_name: caching_sha2_password
2025-06-06 15:50:47 - INFO - AUTHENTICATION_PLUGIN_CLASS: MySQLCachingSHA2PasswordAuthPlugin
2025-06-06 15:50:47 - WARNING - [SERVIDOR WARNING]: == EN ESPERA AUTOMATICA DE 5s ==
2025-06-06 15:50:56 - INFO - [SERVIDOR INFO]: Mensaje recibido: 1
2025-06-06 15:51:01 - WARNING - [SERVIDOR WARNING]: == EN ESPERA AUTOMATICA DE 5s ==
2025-06-06 15:51:01 - INFO - [SERVIDOR INFO]: [CLIENT] OPCION INSERTAR PERSONAJE
2025-06-06 15:54:59 - INFO - [SERVIDOR INFO]: Nombre recibido: Nekomiya
2025-06-06 15:55:05 - INFO - [SERVIDOR INFO]: Elemento recibido: Fisico
2025-06-06 15:55:10 - INFO - [SERVIDOR INFO]: Género recibido: Femenino
2025-06-06 15:55:16 - INFO - [SERVIDOR INFO]: Rareza recibida: rango S
2025-06-06 15:55:22 - INFO - [SERVIDOR INFO]: Arma recibida: garras
2025-06-06 15:55:35 - INFO - [SERVIDOR INFO]: Facción recibida: Liebres Astutas
2025-06-06 15:55:49 - INFO - [SERVIDOR INFO]: ID Juego recibido: 3
2025-06-06 15:55:49 - INFO - [SERVIDOR INFO]: Personaje Nekomiya insertado correctamente en la base de datos MySQL.
2025-06-06 15:55:49 - WARNING - [SERVIDOR WARNING]: == EN ESPERA AUTOMATICA DE 5s ==
2025-06-06 15:57:10 - INFO - [SERVIDOR INFO]: Mensaje recibido: 
2025-06-06 15:57:15 - WARNING - [SERVIDOR WARNING]: == EN ESPERA AUTOMATICA DE 5s ==
2025-06-06 16:02:37 - INFO - [SERVIDOR INFO]: Servidor iniciado en localhost:8083
2025-06-06 16:02:39 - WARNING - [SERVIDOR WARNING]: == EN ESPERA AUTOMATICA DE 5s ==
2025-06-06 16:02:44 - INFO - [SERVIDOR INFO]: Conexión aceptada de ('127.0.0.1', 60934)
2025-06-06 16:02:44 - INFO - [SERVIDOR INFO]: Conexión establecida con ('127.0.0.1', 60934)
2025-06-06 16:03:01 - INFO - [SERVIDOR INFO]: Mensaje recibido: 2
2025-06-06 16:03:01 - INFO - [SERVIDOR INFO]: [CLIENT] OPCION MYSQL
2025-06-06 16:03:09 - INFO - [SERVIDOR INFO]: Mensaje recibido: 1
2025-06-06 16:03:14 - WARNING - [SERVIDOR WARNING]: == EN ESPERA AUTOMATICA DE 5s ==
2025-06-06 16:03:14 - INFO - [SERVIDOR INFO]: [CLIENT] OPCION PERSONAJES
2025-06-06 16:03:14 - INFO - package: mysql.connector.plugins
2025-06-06 16:03:14 - INFO - plugin_name: caching_sha2_password
2025-06-06 16:03:14 - INFO - AUTHENTICATION_PLUGIN_CLASS: MySQLCachingSHA2PasswordAuthPlugin
2025-06-06 16:03:14 - WARNING - [SERVIDOR WARNING]: == EN ESPERA AUTOMATICA DE 5s ==
2025-06-06 16:04:10 - INFO - [SERVIDOR INFO]: Mensaje recibido: 1
2025-06-06 16:04:15 - WARNING - [SERVIDOR WARNING]: == EN ESPERA AUTOMATICA DE 5s ==
2025-06-06 16:04:15 - INFO - [SERVIDOR INFO]: [CLIENT] OPCION INSERTAR PERSONAJE
2025-06-06 16:04:44 - INFO - [SERVIDOR INFO]: Nombre recibido: Aventurino
2025-06-06 16:04:47 - INFO - [SERVIDOR INFO]: Elemento recibido: Imaginario
2025-06-06 16:04:51 - INFO - [SERVIDOR INFO]: Género recibido: Masculino
2025-06-06 16:04:54 - INFO - [SERVIDOR INFO]: Rareza recibida: 5
2025-06-06 16:05:10 - INFO - [SERVIDOR INFO]: Arma recibida: dados de la ruleta
2025-06-06 16:05:35 - INFO - [SERVIDOR INFO]: Facción recibida: Corporacion para la Paz Interastral
2025-06-06 16:05:50 - INFO - [SERVIDOR INFO]: ID Juego recibido: 3
2025-06-06 16:05:50 - INFO - [SERVIDOR INFO]: Personaje Aventurino insertado correctamente en la base de datos MySQL.
2025-06-06 16:05:50 - WARNING - [SERVIDOR WARNING]: == EN ESPERA AUTOMATICA DE 5s ==
2025-06-06 16:06:09 - INFO - [SERVIDOR INFO]: Mensaje recibido: 
2025-06-06 16:12:54 - INFO - [SERVIDOR INFO]: Servidor iniciado en localhost:8083
2025-06-06 16:12:56 - WARNING - [SERVIDOR WARNING]: == EN ESPERA AUTOMATICA DE 5s ==
2025-06-06 16:13:01 - INFO - [SERVIDOR INFO]: Conexión aceptada de ('127.0.0.1', 61131)
2025-06-06 16:13:01 - INFO - [SERVIDOR INFO]: Conexión establecida con ('127.0.0.1', 61131)
2025-06-06 16:13:05 - INFO - [SERVIDOR INFO]: Mensaje recibido: 2
2025-06-06 16:13:05 - INFO - [SERVIDOR INFO]: [CLIENT] OPCION MYSQL
2025-06-06 16:13:11 - INFO - [SERVIDOR INFO]: Mensaje recibido: 1
2025-06-06 16:13:16 - WARNING - [SERVIDOR WARNING]: == EN ESPERA AUTOMATICA DE 5s ==
2025-06-06 16:13:16 - INFO - [SERVIDOR INFO]: [CLIENT] OPCION PERSONAJES
2025-06-06 16:13:16 - INFO - package: mysql.connector.plugins
2025-06-06 16:13:16 - INFO - plugin_name: caching_sha2_password
2025-06-06 16:13:16 - INFO - AUTHENTICATION_PLUGIN_CLASS: MySQLCachingSHA2PasswordAuthPlugin
2025-06-06 16:13:16 - WARNING - [SERVIDOR WARNING]: == EN ESPERA AUTOMATICA DE 5s ==
2025-06-06 16:13:39 - INFO - [SERVIDOR INFO]: Mensaje recibido: 1
2025-06-06 16:13:44 - WARNING - [SERVIDOR WARNING]: == EN ESPERA AUTOMATICA DE 5s ==
2025-06-06 16:13:44 - INFO - [SERVIDOR INFO]: [CLIENT] OPCION INSERTAR PERSONAJE
2025-06-06 16:14:12 - INFO - [SERVIDOR INFO]: Nombre recibido: Guardacosatas
2025-06-06 16:14:25 - INFO - [SERVIDOR INFO]: Elemento recibido: Espectro
2025-06-06 16:14:29 - INFO - [SERVIDOR INFO]: Género recibido: Femenino
2025-06-06 16:14:33 - INFO - [SERVIDOR INFO]: Rareza recibida: 5
2025-06-06 16:14:38 - INFO - [SERVIDOR INFO]: Arma recibida: Rectificador
2025-06-06 16:14:46 - INFO - [SERVIDOR INFO]: Facción recibida: Costa Negra
2025-06-06 16:15:28 - INFO - [SERVIDOR INFO]: Servidor iniciado en localhost:8083
2025-06-06 16:15:29 - WARNING - [SERVIDOR WARNING]: == EN ESPERA AUTOMATICA DE 5s ==
2025-06-06 16:15:34 - INFO - [SERVIDOR INFO]: Conexión aceptada de ('127.0.0.1', 61191)
2025-06-06 16:15:34 - INFO - [SERVIDOR INFO]: Conexión establecida con ('127.0.0.1', 61191)
2025-06-06 16:15:52 - INFO - [SERVIDOR INFO]: Mensaje recibido: 2
2025-06-06 16:15:52 - INFO - [SERVIDOR INFO]: [CLIENT] OPCION MYSQL
2025-06-06 16:15:54 - INFO - [SERVIDOR INFO]: Mensaje recibido: 1
2025-06-06 16:15:59 - WARNING - [SERVIDOR WARNING]: == EN ESPERA AUTOMATICA DE 5s ==
2025-06-06 16:15:59 - INFO - [SERVIDOR INFO]: [CLIENT] OPCION PERSONAJES
2025-06-06 16:16:00 - INFO - package: mysql.connector.plugins
2025-06-06 16:16:00 - INFO - plugin_name: caching_sha2_password
2025-06-06 16:16:00 - INFO - AUTHENTICATION_PLUGIN_CLASS: MySQLCachingSHA2PasswordAuthPlugin
2025-06-06 16:16:00 - WARNING - [SERVIDOR WARNING]: == EN ESPERA AUTOMATICA DE 5s ==
2025-06-06 16:16:33 - INFO - [SERVIDOR INFO]: Mensaje recibido: 1
2025-06-06 16:16:38 - WARNING - [SERVIDOR WARNING]: == EN ESPERA AUTOMATICA DE 5s ==
2025-06-06 16:16:38 - INFO - [SERVIDOR INFO]: [CLIENT] OPCION INSERTAR PERSONAJE
2025-06-06 16:16:48 - INFO - [SERVIDOR INFO]: Nombre recibido: Guadacostas
2025-06-06 16:16:51 - INFO - [SERVIDOR INFO]: Elemento recibido: Espectro
2025-06-06 16:16:54 - INFO - [SERVIDOR INFO]: Género recibido: Femenino
2025-06-06 16:16:56 - INFO - [SERVIDOR INFO]: Rareza recibida: 5
2025-06-06 16:17:01 - INFO - [SERVIDOR INFO]: Arma recibida: Rectificador
2025-06-06 16:17:05 - INFO - [SERVIDOR INFO]: Facción recibida: Costa Negra
2025-06-06 16:17:18 - INFO - [SERVIDOR INFO]: ID Juego recibido: 4
2025-06-06 16:17:18 - INFO - [SERVIDOR INFO]: Personaje Guadacostas insertado correctamente en la base de datos MySQL.
2025-06-06 16:17:18 - WARNING - [SERVIDOR WARNING]: == EN ESPERA AUTOMATICA DE 5s ==
2025-06-06 16:17:26 - INFO - [SERVIDOR INFO]: Mensaje recibido: 
2025-06-06 16:17:31 - WARNING - [SERVIDOR WARNING]: == EN ESPERA AUTOMATICA DE 5s ==
